#
# A fatal error has been detected by the Java Runtime Environment:
#
#  Internal Error (javaClasses.cpp:137), pid=8851, tid=139788045825792
#  fatal error: Invalid layout of preloaded class
#
# JRE version:  (7.0_80-b15) (build )
# Java VM: Java HotSpot(TM) 64-Bit Server VM (24.80-b11 mixed mode linux-amd64 compressed oops)
# Failed to write core dump. Core dumps have been disabled. To enable core dumping, try "ulimit -c unlimited" before starting Java again
#
# If you would like to submit a bug report, please visit:
#   http://bugreport.java.com/bugreport/crash.jsp
#

---------------  T H R E A D  ---------------

Current thread (0x00007f22e800a000):  JavaThread "Unknown thread" [_thread_in_vm, id=8857, stack(0x00007f22f0c0b000,0x00007f22f0d0c000)]

Stack: [0x00007f22f0c0b000,0x00007f22f0d0c000],  sp=0x00007f22f0d0a7b0,  free space=1021k
Native frames: (J=compiled Java code, j=interpreted, Vv=VM code, C=native code)
V  [libjvm.so+0x9a320a]  VMError::report_and_die()+0x2ea
V  [libjvm.so+0x4990f9]  report_fatal(char const*, int, char const*)+0x59
V  [libjvm.so+0x60a195]  compute_offset(int&, klassOopDesc*, Symbol*, Symbol*, bool)+0x135
V  [libjvm.so+0x60b149]  java_lang_String::compute_offsets()+0x49
V  [libjvm.so+0x9290f5]  SystemDictionary::initialize_preloaded_classes(Thread*)+0x235
V  [libjvm.so+0x976ad4]  Universe::genesis(Thread*)+0x494
V  [libjvm.so+0x976f89]  universe2_init()+0x29
V  [libjvm.so+0x5b2f7d]  init_globals()+0xbd
V  [libjvm.so+0x95db4d]  Threads::create_vm(JavaVMInitArgs*, bool*)+0x1ed
V  [libjvm.so+0x63b2e4]  JNI_CreateJavaVM+0x74
C  [libjli.so+0x2f8e]  JavaMain+0x9e


---------------  P R O C E S S  ---------------

Java Threads: ( => current thread )

Other Threads:

=>0x00007f22e800a000 (exited) JavaThread "Unknown thread" [_thread_in_vm, id=8857, stack(0x00007f22f0c0b000,0x00007f22f0d0c000)]

VM state:not at safepoint (not fully initialized)

VM Mutex/Monitor currently owned by a thread: None

GC Heap History (0 events):
No events

Deoptimization events (0 events):
No events

Internal exceptions (0 events):
No events

Events (10 events):
Event: 0.006 loading class 0x00007f22ecf81710 done
Event: 0.006 loading class 0x00007f22ecf81110 done
Event: 0.006 loading class 0x00007f22ecf810f0
Event: 0.006 loading class 0x00007f22ecf892a0
Event: 0.006 loading class 0x00007f22ecf892a0 done
Event: 0.006 loading class 0x00007f22ecf892d0
Event: 0.006 loading class 0x00007f22ecf892d0 done
Event: 0.006 loading class 0x00007f22ecf89300
Event: 0.006 loading class 0x00007f22ecf89300 done
Event: 0.007 loading class 0x00007f22ecf810f0 done


Dynamic libraries:
00400000-00401000 r-xp 00000000 08:02 2369226                            /usr/lib/jvm/java-7-oracle/bin/java
00600000-00601000 rw-p 00000000 08:02 2369226                            /usr/lib/jvm/java-7-oracle/bin/java
01695000-016b6000 rw-p 00000000 00:00 0                                  [heap]
77f200000-780700000 rw-p 00000000 00:00 0 
780700000-784400000 rw-p 00000000 00:00 0 
784400000-789680000 rw-p 00000000 00:00 0 
789680000-7d6c00000 rw-p 00000000 00:00 0 
7d6c00000-7d9580000 rw-p 00000000 00:00 0 
7d9580000-800000000 rw-p 00000000 00:00 0 
7f22cbf90000-7f22d0000000 rw-p 00000000 00:00 0 
7f22d0000000-7f22d0021000 rw-p 00000000 00:00 0 
7f22d0021000-7f22d4000000 ---p 00000000 00:00 0 
7f22d4000000-7f22d4021000 rw-p 00000000 00:00 0 
7f22d4021000-7f22d8000000 ---p 00000000 00:00 0 
7f22d8000000-7f22d8021000 rw-p 00000000 00:00 0 
7f22d8021000-7f22dc000000 ---p 00000000 00:00 0 
7f22e0000000-7f22e0021000 rw-p 00000000 00:00 0 
7f22e0021000-7f22e4000000 ---p 00000000 00:00 0 
7f22e5000000-7f22e5270000 rwxp 00000000 00:00 0 
7f22e5270000-7f22e8056000 rw-p 00000000 00:00 0 
7f22e8056000-7f22ec000000 ---p 00000000 00:00 0 
7f22ecba1000-7f22ece15000 rw-p 00000000 00:00 0 
7f22ece15000-7f22ecf0b000 r--s 017b0000 08:02 11406378                   /home/manoj/Android/Sdk/platforms/android-21/android.jar
7f22ecf0b000-7f22ed434000 rw-p 00000000 00:00 0 
7f22ed434000-7f22ed435000 ---p 00000000 00:00 0 
7f22ed435000-7f22ed535000 rw-p 00000000 00:00 0                          [stack:8861]
7f22ed535000-7f22ed536000 ---p 00000000 00:00 0 
7f22ed536000-7f22ed636000 rw-p 00000000 00:00 0                          [stack:8860]
7f22ed636000-7f22ed637000 ---p 00000000 00:00 0 
7f22ed637000-7f22ed737000 rw-p 00000000 00:00 0                          [stack:8859]
7f22ed737000-7f22ed738000 ---p 00000000 00:00 0 
7f22ed738000-7f22ed843000 rw-p 00000000 00:00 0                          [stack:8858]
7f22ed843000-7f22ed861000 rw-p 00000000 00:00 0 
7f22ed861000-7f22ed88b000 rw-p 00000000 00:00 0 
7f22ed88b000-7f22edaf5000 rw-p 00000000 00:00 0 
7f22edaf5000-7f22edb00000 rw-p 00000000 00:00 0 
7f22edb00000-7f22edb1e000 rw-p 00000000 00:00 0 
7f22edb1e000-7f22edb48000 rw-p 00000000 00:00 0 
7f22edb48000-7f22eddb2000 rw-p 00000000 00:00 0 
7f22eddb2000-7f22eddc7000 rw-p 00000000 00:00 0 
7f22eddc7000-7f22edefc000 rw-p 00000000 00:00 0 
7f22edefc000-7f22edefd000 rw-p 00000000 00:00 0 
7f22edefd000-7f22edf14000 r-xp 00000000 08:02 2374776                    /usr/lib/jvm/java-7-oracle/jre/lib/amd64/libzip.so
7f22edf14000-7f22ee114000 ---p 00017000 08:02 2374776                    /usr/lib/jvm/java-7-oracle/jre/lib/amd64/libzip.so
7f22ee114000-7f22ee115000 rw-p 00017000 08:02 2374776                    /usr/lib/jvm/java-7-oracle/jre/lib/amd64/libzip.so
7f22ee115000-7f22ee120000 r-xp 00000000 08:02 2101134                    /lib/x86_64-linux-gnu/libnss_files-2.19.so
7f22ee120000-7f22ee31f000 ---p 0000b000 08:02 2101134                    /lib/x86_64-linux-gnu/libnss_files-2.19.so
7f22ee31f000-7f22ee320000 r--p 0000a000 08:02 2101134                    /lib/x86_64-linux-gnu/libnss_files-2.19.so
7f22ee320000-7f22ee321000 rw-p 0000b000 08:02 2101134                    /lib/x86_64-linux-gnu/libnss_files-2.19.so
7f22ee321000-7f22ee32c000 r-xp 00000000 08:02 2101991                    /lib/x86_64-linux-gnu/libnss_nis-2.19.so
7f22ee32c000-7f22ee52b000 ---p 0000b000 08:02 2101991                    /lib/x86_64-linux-gnu/libnss_nis-2.19.so
7f22ee52b000-7f22ee52c000 r--p 0000a000 08:02 2101991                    /lib/x86_64-linux-gnu/libnss_nis-2.19.so
7f22ee52c000-7f22ee52d000 rw-p 0000b000 08:02 2101991                    /lib/x86_64-linux-gnu/libnss_nis-2.19.so
7f22ee52d000-7f22ee544000 r-xp 00000000 08:02 2101971                    /lib/x86_64-linux-gnu/libnsl-2.19.so
7f22ee544000-7f22ee743000 ---p 00017000 08:02 2101971                    /lib/x86_64-linux-gnu/libnsl-2.19.so
7f22ee743000-7f22ee744000 r--p 00016000 08:02 2101971                    /lib/x86_64-linux-gnu/libnsl-2.19.so
7f22ee744000-7f22ee745000 rw-p 00017000 08:02 2101971                    /lib/x86_64-linux-gnu/libnsl-2.19.so
7f22ee745000-7f22ee747000 rw-p 00000000 00:00 0 
7f22ee747000-7f22ee750000 r-xp 00000000 08:02 2101968                    /lib/x86_64-linux-gnu/libnss_compat-2.19.so
7f22ee750000-7f22ee94f000 ---p 00009000 08:02 2101968                    /lib/x86_64-linux-gnu/libnss_compat-2.19.so
7f22ee94f000-7f22ee950000 r--p 00008000 08:02 2101968                    /lib/x86_64-linux-gnu/libnss_compat-2.19.so
7f22ee950000-7f22ee951000 rw-p 00009000 08:02 2101968                    /lib/x86_64-linux-gnu/libnss_compat-2.19.so
7f22ee951000-7f22ee97a000 r-xp 00000000 08:02 2374770                    /usr/lib/jvm/java-7-oracle/jre/lib/amd64/libjava.so
7f22ee97a000-7f22eeb7a000 ---p 00029000 08:02 2374770                    /usr/lib/jvm/java-7-oracle/jre/lib/amd64/libjava.so
7f22eeb7a000-7f22eeb7c000 rw-p 00029000 08:02 2374770                    /usr/lib/jvm/java-7-oracle/jre/lib/amd64/libjava.so
7f22eeb7c000-7f22eeb89000 r-xp 00000000 08:02 2374773                    /usr/lib/jvm/java-7-oracle/jre/lib/amd64/libverify.so
7f22eeb89000-7f22eed88000 ---p 0000d000 08:02 2374773                    /usr/lib/jvm/java-7-oracle/jre/lib/amd64/libverify.so
7f22eed88000-7f22eed8a000 rw-p 0000c000 08:02 2374773                    /usr/lib/jvm/java-7-oracle/jre/lib/amd64/libverify.so
7f22eed8a000-7f22eed91000 r-xp 00000000 08:02 2101983                    /lib/x86_64-linux-gnu/librt-2.19.so
7f22eed91000-7f22eef90000 ---p 00007000 08:02 2101983                    /lib/x86_64-linux-gnu/librt-2.19.so
7f22eef90000-7f22eef91000 r--p 00006000 08:02 2101983                    /lib/x86_64-linux-gnu/librt-2.19.so
7f22eef91000-7f22eef92000 rw-p 00007000 08:02 2101983                    /lib/x86_64-linux-gnu/librt-2.19.so
7f22eef92000-7f22ef097000 r-xp 00000000 08:02 2101130                    /lib/x86_64-linux-gnu/libm-2.19.so
7f22ef097000-7f22ef296000 ---p 00105000 08:02 2101130                    /lib/x86_64-linux-gnu/libm-2.19.so
7f22ef296000-7f22ef297000 r--p 00104000 08:02 2101130                    /lib/x86_64-linux-gnu/libm-2.19.so
7f22ef297000-7f22ef298000 rw-p 00105000 08:02 2101130                    /lib/x86_64-linux-gnu/libm-2.19.so
7f22ef298000-7f22efe0e000 r-xp 00000000 08:02 2374754                    /usr/lib/jvm/java-7-oracle/jre/lib/amd64/server/libjvm.so
7f22efe0e000-7f22f000d000 ---p 00b76000 08:02 2374754                    /usr/lib/jvm/java-7-oracle/jre/lib/amd64/server/libjvm.so
7f22f000d000-7f22f00d1000 rw-p 00b75000 08:02 2374754                    /usr/lib/jvm/java-7-oracle/jre/lib/amd64/server/libjvm.so
7f22f00d1000-7f22f0112000 rw-p 00000000 00:00 0 
7f22f0112000-7f22f02cd000 r-xp 00000000 08:02 2101977                    /lib/x86_64-linux-gnu/libc-2.19.so
7f22f02cd000-7f22f04cc000 ---p 001bb000 08:02 2101977                    /lib/x86_64-linux-gnu/libc-2.19.so
7f22f04cc000-7f22f04d0000 r--p 001ba000 08:02 2101977                    /lib/x86_64-linux-gnu/libc-2.19.so
7f22f04d0000-7f22f04d2000 rw-p 001be000 08:02 2101977                    /lib/x86_64-linux-gnu/libc-2.19.so
7f22f04d2000-7f22f04d7000 rw-p 00000000 00:00 0 
7f22f04d7000-7f22f04da000 r-xp 00000000 08:02 2101151                    /lib/x86_64-linux-gnu/libdl-2.19.so
7f22f04da000-7f22f06d9000 ---p 00003000 08:02 2101151                    /lib/x86_64-linux-gnu/libdl-2.19.so
7f22f06d9000-7f22f06da000 r--p 00002000 08:02 2101151                    /lib/x86_64-linux-gnu/libdl-2.19.so
7f22f06da000-7f22f06db000 rw-p 00003000 08:02 2101151                    /lib/x86_64-linux-gnu/libdl-2.19.so
7f22f06db000-7f22f06f0000 r-xp 00000000 08:02 2369284                    /usr/lib/jvm/java-7-oracle/lib/amd64/jli/libjli.so
7f22f06f0000-7f22f08ef000 ---p 00015000 08:02 2369284                    /usr/lib/jvm/java-7-oracle/lib/amd64/jli/libjli.so
7f22f08ef000-7f22f08f0000 rw-p 00014000 08:02 2369284                    /usr/lib/jvm/java-7-oracle/lib/amd64/jli/libjli.so
7f22f08f0000-7f22f0909000 r-xp 00000000 08:02 2101978                    /lib/x86_64-linux-gnu/libpthread-2.19.so
7f22f0909000-7f22f0b08000 ---p 00019000 08:02 2101978                    /lib/x86_64-linux-gnu/libpthread-2.19.so
7f22f0b08000-7f22f0b09000 r--p 00018000 08:02 2101978                    /lib/x86_64-linux-gnu/libpthread-2.19.so
7f22f0b09000-7f22f0b0a000 rw-p 00019000 08:02 2101978                    /lib/x86_64-linux-gnu/libpthread-2.19.so
7f22f0b0a000-7f22f0b0e000 rw-p 00000000 00:00 0 
7f22f0b0e000-7f22f0b31000 r-xp 00000000 08:02 2101974                    /lib/x86_64-linux-gnu/ld-2.19.so
7f22f0b4b000-7f22f0b55000 rw-p 00000000 00:00 0 
7f22f0b55000-7f22f0c0b000 rw-p 00000000 00:00 0 
7f22f0c0b000-7f22f0c0e000 ---p 00000000 00:00 0 
7f22f0c0e000-7f22f0d10000 rw-p 00000000 00:00 0                          [stack:8857]
7f22f0d22000-7f22f0d24000 rw-p 00000000 00:00 0 
7f22f0d24000-7f22f0d2c000 rw-s 00000000 08:02 19791889                   /tmp/hsperfdata_manoj/8851
7f22f0d2c000-7f22f0d2d000 rw-p 00000000 00:00 0 
7f22f0d2d000-7f22f0d2e000 r--p 00000000 00:00 0 
7f22f0d2e000-7f22f0d30000 rw-p 00000000 00:00 0 
7f22f0d30000-7f22f0d31000 r--p 00022000 08:02 2101974                    /lib/x86_64-linux-gnu/ld-2.19.so
7f22f0d31000-7f22f0d32000 rw-p 00023000 08:02 2101974                    /lib/x86_64-linux-gnu/ld-2.19.so
7f22f0d32000-7f22f0d33000 rw-p 00000000 00:00 0 
7ffd502b1000-7ffd502d2000 rw-p 00000000 00:00 0                          [stack]
7ffd50319000-7ffd5031b000 r-xp 00000000 00:00 0                          [vdso]
ffffffffff600000-ffffffffff601000 r-xp 00000000 00:00 0                  [vsyscall]

VM Arguments:
jvm_args: -Dfile.encoding=UTF-8 -Xbootclasspath:/home/manoj/Android/Sdk/platforms/android-21/android.jar 
java_command: sampTest
Launcher Type: SUN_STANDARD

Environment Variables:
JAVA_HOME=/usr/lib/jvm/java-6-oracle
PATH=/usr/local/sbin:/usr/local/bin:/usr/sbin:/usr/bin:/sbin:/bin:/usr/games:/usr/local/games:/usr/lib/jvm/java-6-oracle/bin:/usr/lib/jvm/java-6-oracle/db/bin:/usr/lib/jvm/java-6-oracle/jre/bin
SHELL=/bin/bash
DISPLAY=:0.0

Signal Handlers:
SIGSEGV: [libjvm.so+0x9a3b20], sa_mask[0]=0x7ffbfeff, sa_flags=0x10000004
SIGBUS: [libjvm.so+0x9a3b20], sa_mask[0]=0x7ffbfeff, sa_flags=0x10000004
SIGFPE: [libjvm.so+0x81e740], sa_mask[0]=0x7ffbfeff, sa_flags=0x10000004
SIGPIPE: [libjvm.so+0x81e740], sa_mask[0]=0x7ffbfeff, sa_flags=0x10000004
SIGXFSZ: [libjvm.so+0x81e740], sa_mask[0]=0x7ffbfeff, sa_flags=0x10000004
SIGILL: [libjvm.so+0x81e740], sa_mask[0]=0x7ffbfeff, sa_flags=0x10000004
SIGUSR1: SIG_DFL, sa_mask[0]=0x00000000, sa_flags=0x00000000
SIGUSR2: [libjvm.so+0x81ffb0], sa_mask[0]=0x00000004, sa_flags=0x10000004
SIGHUP: SIG_DFL, sa_mask[0]=0x00000000, sa_flags=0x00000000
SIGINT: SIG_DFL, sa_mask[0]=0x00000000, sa_flags=0x00000000
SIGTERM: SIG_DFL, sa_mask[0]=0x00000000, sa_flags=0x00000000
SIGQUIT: SIG_DFL, sa_mask[0]=0x00000000, sa_flags=0x00000000


---------------  S Y S T E M  ---------------

OS:jessie/sid

uname:Linux 3.13.0-66-generic #108-Ubuntu SMP Wed Oct 7 15:20:27 UTC 2015 x86_64
libc:glibc 2.19 NPTL 2.19 
rlimit: STACK 8192k, CORE 0k, NPROC 62602, NOFILE 4096, AS infinity
load average:0.27 0.17 0.21

/proc/meminfo:
MemTotal:        8107452 kB
MemFree:         3797884 kB
Buffers:          496040 kB
Cached:          1693268 kB
SwapCached:            0 kB
Active:          2445912 kB
Inactive:        1400052 kB
Active(anon):    1658912 kB
Inactive(anon):   379776 kB
Active(file):     787000 kB
Inactive(file):  1020276 kB
Unevictable:         128 kB
Mlocked:             128 kB
SwapTotal:       8317948 kB
SwapFree:        8317948 kB
Dirty:               216 kB
Writeback:             0 kB
AnonPages:       1656720 kB
Mapped:           417952 kB
Shmem:            381932 kB
Slab:             327356 kB
SReclaimable:     290848 kB
SUnreclaim:        36508 kB
KernelStack:        4536 kB
PageTables:        39296 kB
NFS_Unstable:          0 kB
Bounce:                0 kB
WritebackTmp:          0 kB
CommitLimit:    12371672 kB
Committed_AS:    6498932 kB
VmallocTotal:   34359738367 kB
VmallocUsed:      606668 kB
VmallocChunk:   34359117168 kB
HardwareCorrupted:     0 kB
AnonHugePages:    774144 kB
HugePages_Total:       0
HugePages_Free:        0
HugePages_Rsvd:        0
HugePages_Surp:        0
Hugepagesize:       2048 kB
DirectMap4k:       62208 kB
DirectMap2M:     3014656 kB
DirectMap1G:     5242880 kB


CPU:total 4 (2 cores per cpu, 2 threads per core) family 6 model 60 stepping 3, cmov, cx8, fxsr, mmx, sse, sse2, sse3, ssse3, sse4.1, sse4.2, popcnt, avx, avx2, aes, erms, ht, tsc, tscinvbit

/proc/cpuinfo:
processor	: 0
vendor_id	: GenuineIntel
cpu family	: 6
model		: 60
model name	: Intel(R) Core(TM) i5-4200M CPU @ 2.50GHz
stepping	: 3
microcode	: 0x12
cpu MHz		: 2501.000
cache size	: 3072 KB
physical id	: 0
siblings	: 4
core id		: 0
cpu cores	: 2
apicid		: 0
initial apicid	: 0
fpu		: yes
fpu_exception	: yes
cpuid level	: 13
wp		: yes
flags		: fpu vme de pse tsc msr pae mce cx8 apic sep mtrr pge mca cmov pat pse36 clflush dts acpi mmx fxsr sse sse2 ss ht tm pbe syscall nx pdpe1gb rdtscp lm constant_tsc arch_perfmon pebs bts rep_good nopl xtopology nonstop_tsc aperfmperf eagerfpu pni pclmulqdq dtes64 monitor ds_cpl vmx est tm2 ssse3 fma cx16 xtpr pdcm pcid sse4_1 sse4_2 movbe popcnt tsc_deadline_timer aes xsave avx f16c rdrand lahf_lm abm ida arat epb xsaveopt pln pts dtherm tpr_shadow vnmi flexpriority ept vpid fsgsbase tsc_adjust bmi1 avx2 smep bmi2 erms invpcid
bogomips	: 4988.87
clflush size	: 64
cache_alignment	: 64
address sizes	: 39 bits physical, 48 bits virtual
power management:

processor	: 1
vendor_id	: GenuineIntel
cpu family	: 6
model		: 60
model name	: Intel(R) Core(TM) i5-4200M CPU @ 2.50GHz
stepping	: 3
microcode	: 0x12
cpu MHz		: 2501.000
cache size	: 3072 KB
physical id	: 0
siblings	: 4
core id		: 0
cpu cores	: 2
apicid		: 1
initial apicid	: 1
fpu		: yes
fpu_exception	: yes
cpuid level	: 13
wp		: yes
flags		: fpu vme de pse tsc msr pae mce cx8 apic sep mtrr pge mca cmov pat pse36 clflush dts acpi mmx fxsr sse sse2 ss ht tm pbe syscall nx pdpe1gb rdtscp lm constant_tsc arch_perfmon pebs bts rep_good nopl xtopology nonstop_tsc aperfmperf eagerfpu pni pclmulqdq dtes64 monitor ds_cpl vmx est tm2 ssse3 fma cx16 xtpr pdcm pcid sse4_1 sse4_2 movbe popcnt tsc_deadline_timer aes xsave avx f16c rdrand lahf_lm abm ida arat epb xsaveopt pln pts dtherm tpr_shadow vnmi flexpriority ept vpid fsgsbase tsc_adjust bmi1 avx2 smep bmi2 erms invpcid
bogomips	: 4988.87
clflush size	: 64
cache_alignment	: 64
address sizes	: 39 bits physical, 48 bits virtual
power management:

processor	: 2
vendor_id	: GenuineIntel
cpu family	: 6
model		: 60
model name	: Intel(R) Core(TM) i5-4200M CPU @ 2.50GHz
stepping	: 3
microcode	: 0x12
cpu MHz		: 2300.000
cache size	: 3072 KB
physical id	: 0
siblings	: 4
core id		: 1
cpu cores	: 2
apicid		: 2
initial apicid	: 2
fpu		: yes
fpu_exception	: yes
cpuid level	: 13
wp		: yes
flags		: fpu vme de pse tsc msr pae mce cx8 apic sep mtrr pge mca cmov pat pse36 clflush dts acpi mmx fxsr sse sse2 ss ht tm pbe syscall nx pdpe1gb rdtscp lm constant_tsc arch_perfmon pebs bts rep_good nopl xtopology nonstop_tsc aperfmperf eagerfpu pni pclmulqdq dtes64 monitor ds_cpl vmx est tm2 ssse3 fma cx16 xtpr pdcm pcid sse4_1 sse4_2 movbe popcnt tsc_deadline_timer aes xsave avx f16c rdrand lahf_lm abm ida arat epb xsaveopt pln pts dtherm tpr_shadow vnmi flexpriority ept vpid fsgsbase tsc_adjust bmi1 avx2 smep bmi2 erms invpcid
bogomips	: 4988.87
clflush size	: 64
cache_alignment	: 64
address sizes	: 39 bits physical, 48 bits virtual
power management:

processor	: 3
vendor_id	: GenuineIntel
cpu family	: 6
model		: 60
model name	: Intel(R) Core(TM) i5-4200M CPU @ 2.50GHz
stepping	: 3
microcode	: 0x12
cpu MHz		: 2300.000
cache size	: 3072 KB
physical id	: 0
siblings	: 4
core id		: 1
cpu cores	: 2
apicid		: 3
initial apicid	: 3
fpu		: yes
fpu_exception	: yes
cpuid level	: 13
wp		: yes
flags		: fpu vme de pse tsc msr pae mce cx8 apic sep mtrr pge mca cmov pat pse36 clflush dts acpi mmx fxsr sse sse2 ss ht tm pbe syscall nx pdpe1gb rdtscp lm constant_tsc arch_perfmon pebs bts rep_good nopl xtopology nonstop_tsc aperfmperf eagerfpu pni pclmulqdq dtes64 monitor ds_cpl vmx est tm2 ssse3 fma cx16 xtpr pdcm pcid sse4_1 sse4_2 movbe popcnt tsc_deadline_timer aes xsave avx f16c rdrand lahf_lm abm ida arat epb xsaveopt pln pts dtherm tpr_shadow vnmi flexpriority ept vpid fsgsbase tsc_adjust bmi1 avx2 smep bmi2 erms invpcid
bogomips	: 4988.87
clflush size	: 64
cache_alignment	: 64
address sizes	: 39 bits physical, 48 bits virtual
power management:



Memory: 4k page, physical 8107452k(3797884k free), swap 8317948k(8317948k free)

vm_info: Java HotSpot(TM) 64-Bit Server VM (24.80-b11) for linux-amd64 JRE (1.7.0_80-b15), built on Apr 10 2015 19:53:14 by "java_re" with gcc 4.3.0 20080428 (Red Hat 4.3.0-8)

time: Sat Dec 26 18:21:08 2015
elapsed time: 0 seconds

